Determining if the pthread_create exist failed with the following output:
Change Dir: /home/scui/projs/Simple-Web-Server/CMakeFiles/CMakeTmp

Run Build Command:/usr/bin/make "cmTryCompileExec2826088285/fast"
/usr/bin/make -f CMakeFiles/cmTryCompileExec2826088285.dir/build.make CMakeFiles/cmTryCompileExec2826088285.dir/build
make[1]: Entering directory `/home/scui/projs/Simple-Web-Server/CMakeFiles/CMakeTmp'
/usr/bin/cmake -E cmake_progress_report /home/scui/projs/Simple-Web-Server/CMakeFiles/CMakeTmp/CMakeFiles 1
Building C object CMakeFiles/cmTryCompileExec2826088285.dir/CheckSymbolExists.c.o
/usr/bin/cc    -o CMakeFiles/cmTryCompileExec2826088285.dir/CheckSymbolExists.c.o   -c /home/scui/projs/Simple-Web-Server/CMakeFiles/CMakeTmp/CheckSymbolExists.c
Linking C executable cmTryCompileExec2826088285
/usr/bin/cmake -E cmake_link_script CMakeFiles/cmTryCompileExec2826088285.dir/link.txt --verbose=1
/usr/bin/cc       CMakeFiles/cmTryCompileExec2826088285.dir/CheckSymbolExists.c.o  -o cmTryCompileExec2826088285 -rdynamic 
CMakeFiles/cmTryCompileExec2826088285.dir/CheckSymbolExists.c.o: In function `main':
CheckSymbolExists.c:(.text+0x16): undefined reference to `pthread_create'
collect2: error: ld returned 1 exit status
make[1]: Leaving directory `/home/scui/projs/Simple-Web-Server/CMakeFiles/CMakeTmp'
make[1]: *** [cmTryCompileExec2826088285] Error 1
make: *** [cmTryCompileExec2826088285/fast] Error 2

File /home/scui/projs/Simple-Web-Server/CMakeFiles/CMakeTmp/CheckSymbolExists.c:
/* */
#include <pthread.h>

int main(int argc, char** argv)
{
  (void)argv;
#ifndef pthread_create
  return ((int*)(&pthread_create))[argc];
#else
  (void)argc;
  return 0;
#endif
}

Determining if the function pthread_create exists in the pthreads failed with the following output:
Change Dir: /home/scui/projs/Simple-Web-Server/CMakeFiles/CMakeTmp

Run Build Command:/usr/bin/make "cmTryCompileExec2933886873/fast"
/usr/bin/make -f CMakeFiles/cmTryCompileExec2933886873.dir/build.make CMakeFiles/cmTryCompileExec2933886873.dir/build
make[1]: Entering directory `/home/scui/projs/Simple-Web-Server/CMakeFiles/CMakeTmp'
/usr/bin/cmake -E cmake_progress_report /home/scui/projs/Simple-Web-Server/CMakeFiles/CMakeTmp/CMakeFiles 1
Building C object CMakeFiles/cmTryCompileExec2933886873.dir/CheckFunctionExists.c.o
/usr/bin/cc   -DCHECK_FUNCTION_EXISTS=pthread_create   -o CMakeFiles/cmTryCompileExec2933886873.dir/CheckFunctionExists.c.o   -c /usr/share/cmake-2.8/Modules/CheckFunctionExists.c
Linking C executable cmTryCompileExec2933886873
/usr/bin/cmake -E cmake_link_script CMakeFiles/cmTryCompileExec2933886873.dir/link.txt --verbose=1
/usr/bin/cc   -DCHECK_FUNCTION_EXISTS=pthread_create    CMakeFiles/cmTryCompileExec2933886873.dir/CheckFunctionExists.c.o  -o cmTryCompileExec2933886873 -rdynamic -lpthreads 
/usr/bin/ld: cannot find -lpthreads
make[1]: Leaving directory `/home/scui/projs/Simple-Web-Server/CMakeFiles/CMakeTmp'
collect2: error: ld returned 1 exit status
make[1]: *** [cmTryCompileExec2933886873] Error 1
make: *** [cmTryCompileExec2933886873/fast] Error 2


